2025-11-30 22:15:20,429 | INFO | --------------- SALES ORDER IMPORT STARTED ---------------
2025-11-30 22:15:20,430 | INFO | Starting FTP download (if available)
2025-11-30 22:15:20,430 | INFO | [FTP] Connecting to FTP Server...
2025-11-30 22:15:23,494 | INFO | [FTP] Skipping unsupported file: .
2025-11-30 22:15:23,494 | INFO | [FTP] Skipping unsupported file: ..
2025-11-30 22:15:23,494 | INFO | [FTP] Downloading: ORDER_2412604_20251113051208.xml
2025-11-30 22:15:24,620 | INFO | [FTP] Completed: ORDER_2412604_20251113051208.xml in 1125 ms
2025-11-30 22:15:25,164 | INFO | [FTP] Remote archived: ORDER_2412604_20251113051208.xml
2025-11-30 22:15:25,165 | INFO | [FTP] Downloading: ORDER_2444420_20251124110915.xml
2025-11-30 22:15:26,359 | INFO | [FTP] Completed: ORDER_2444420_20251124110915.xml in 1193 ms
2025-11-30 22:15:26,974 | INFO | [FTP] Remote archived: ORDER_2444420_20251124110915.xml
2025-11-30 22:15:26,975 | INFO | [FTP] Downloading: ORDER_2444421_20251124110919.xml
2025-11-30 22:15:28,205 | INFO | [FTP] Completed: ORDER_2444421_20251124110919.xml in 1230 ms
2025-11-30 22:15:28,816 | INFO | [FTP] Remote archived: ORDER_2444421_20251124110919.xml
2025-11-30 22:15:28,816 | INFO | [FTP] Downloading: ORDER_2444422_20251124110918.xml
2025-11-30 22:15:29,946 | INFO | [FTP] Completed: ORDER_2444422_20251124110918.xml in 1129 ms
2025-11-30 22:15:30,558 | INFO | [FTP] Remote archived: ORDER_2444422_20251124110918.xml
2025-11-30 22:15:30,559 | INFO | [FTP] Downloading: ORDER_2444423_20251124110917.xml
2025-11-30 22:15:31,510 | INFO | [FTP] Completed: ORDER_2444423_20251124110917.xml in 951 ms
2025-11-30 22:15:32,025 | INFO | [FTP] Remote archived: ORDER_2444423_20251124110917.xml
2025-11-30 22:15:32,026 | INFO | [FTP] Downloading: ORDER_2444430_20251124110917.xml
2025-11-30 22:15:33,223 | INFO | [FTP] Completed: ORDER_2444430_20251124110917.xml in 1196 ms
2025-11-30 22:15:33,835 | INFO | [FTP] Remote archived: ORDER_2444430_20251124110917.xml
2025-11-30 22:15:33,836 | INFO | [FTP] Downloading: ORDER_2444432_20251124110920.xml
2025-11-30 22:15:35,064 | INFO | [FTP] Completed: ORDER_2444432_20251124110920.xml in 1228 ms
2025-11-30 22:15:35,678 | INFO | [FTP] Remote archived: ORDER_2444432_20251124110920.xml
2025-11-30 22:15:35,678 | INFO | [FTP] Downloading: ORDER_2444433_20251124110922.xml
2025-11-30 22:15:36,839 | INFO | [FTP] Completed: ORDER_2444433_20251124110922.xml in 1160 ms
2025-11-30 22:15:37,419 | INFO | [FTP] Remote archived: ORDER_2444433_20251124110922.xml
2025-11-30 22:15:37,419 | INFO | [FTP] Downloading: TUL sale 19.11.2025.xlsx
2025-11-30 22:15:39,983 | INFO | [FTP] Completed: TUL sale 19.11.2025.xlsx in 2563 ms
2025-11-30 22:15:40,491 | INFO | [FTP] Remote archived: TUL sale 19.11.2025.xlsx
2025-11-30 22:15:40,772 | INFO | [PROCESS] Starting: ORDER_2444433_20251124110922.xml
2025-11-30 22:15:40,772 | INFO | [XML] Processing: /var/www/html/python/westside_inventory/orders/ORDER_2444433_20251124110922.xml
2025-11-30 22:15:40,779 | INFO | [XML] Final batch inserted: 2 rows
2025-11-30 22:15:40,779 | INFO | [XML] Total inserted for ORDER_2444433_20251124110922.xml: 2
2025-11-30 22:15:40,782 | INFO | [COMMIT] ORDER_2444433_20251124110922.xml committed — total rows inserted: 2
2025-11-30 22:15:40,783 | INFO | [ARCHIVE] ORDER_2444433_20251124110922.xml moved to archive
2025-11-30 22:15:40,783 | INFO | [PROCESS] Starting: ORDER_2412604_20251113051208.xml
2025-11-30 22:15:40,783 | INFO | [XML] Processing: /var/www/html/python/westside_inventory/orders/ORDER_2412604_20251113051208.xml
2025-11-30 22:15:40,785 | INFO | [XML] Final batch inserted: 1 rows
2025-11-30 22:15:40,785 | INFO | [XML] Total inserted for ORDER_2412604_20251113051208.xml: 1
2025-11-30 22:15:40,787 | INFO | [COMMIT] ORDER_2412604_20251113051208.xml committed — total rows inserted: 1
2025-11-30 22:15:40,788 | INFO | [ARCHIVE] ORDER_2412604_20251113051208.xml moved to archive
2025-11-30 22:15:40,789 | INFO | [PROCESS] Starting: ORDER_2444430_20251124110917.xml
2025-11-30 22:15:40,789 | INFO | [XML] Processing: /var/www/html/python/westside_inventory/orders/ORDER_2444430_20251124110917.xml
2025-11-30 22:15:40,790 | INFO | [XML] Final batch inserted: 3 rows
2025-11-30 22:15:40,790 | INFO | [XML] Total inserted for ORDER_2444430_20251124110917.xml: 3
2025-11-30 22:15:40,793 | INFO | [COMMIT] ORDER_2444430_20251124110917.xml committed — total rows inserted: 3
2025-11-30 22:15:40,793 | INFO | [ARCHIVE] ORDER_2444430_20251124110917.xml moved to archive
2025-11-30 22:15:40,793 | INFO | [PROCESS] Starting: ORDER_2444432_20251124110920.xml
2025-11-30 22:15:40,794 | INFO | [XML] Processing: /var/www/html/python/westside_inventory/orders/ORDER_2444432_20251124110920.xml
2025-11-30 22:15:40,795 | INFO | [XML] Final batch inserted: 3 rows
2025-11-30 22:15:40,796 | INFO | [XML] Total inserted for ORDER_2444432_20251124110920.xml: 3
2025-11-30 22:15:40,798 | INFO | [COMMIT] ORDER_2444432_20251124110920.xml committed — total rows inserted: 3
2025-11-30 22:15:40,798 | INFO | [ARCHIVE] ORDER_2444432_20251124110920.xml moved to archive
2025-11-30 22:15:40,799 | INFO | [PROCESS] Starting: ORDER_2444423_20251124110917.xml
2025-11-30 22:15:40,799 | INFO | [XML] Processing: /var/www/html/python/westside_inventory/orders/ORDER_2444423_20251124110917.xml
2025-11-30 22:15:40,800 | INFO | [XML] Final batch inserted: 3 rows
2025-11-30 22:15:40,800 | INFO | [XML] Total inserted for ORDER_2444423_20251124110917.xml: 3
2025-11-30 22:15:40,803 | INFO | [COMMIT] ORDER_2444423_20251124110917.xml committed — total rows inserted: 3
2025-11-30 22:15:40,803 | INFO | [ARCHIVE] ORDER_2444423_20251124110917.xml moved to archive
2025-11-30 22:15:40,803 | INFO | [PROCESS] Starting: TUL sale 19.11.2025.xlsx
2025-11-30 22:15:40,803 | INFO | [XLSX] Processing: /var/www/html/python/westside_inventory/orders/TUL sale 19.11.2025.xlsx
2025-11-30 22:15:41,478 | INFO | [XLSX] Final batch inserted: 4621 rows
2025-11-30 22:15:41,478 | INFO | [XLSX] Total inserted for TUL sale 19.11.2025.xlsx: 4621
2025-11-30 22:15:41,481 | INFO | [COMMIT] TUL sale 19.11.2025.xlsx committed — total rows inserted: 4621
2025-11-30 22:15:41,482 | INFO | [ARCHIVE] TUL sale 19.11.2025.xlsx moved to archive
2025-11-30 22:15:41,482 | INFO | [PROCESS] Starting: ORDER_2444422_20251124110918.xml
2025-11-30 22:15:41,482 | INFO | [XML] Processing: /var/www/html/python/westside_inventory/orders/ORDER_2444422_20251124110918.xml
2025-11-30 22:15:41,484 | INFO | [XML] Final batch inserted: 2 rows
2025-11-30 22:15:41,484 | INFO | [XML] Total inserted for ORDER_2444422_20251124110918.xml: 2
2025-11-30 22:15:41,486 | INFO | [COMMIT] ORDER_2444422_20251124110918.xml committed — total rows inserted: 2
2025-11-30 22:15:41,487 | INFO | [ARCHIVE] ORDER_2444422_20251124110918.xml moved to archive
2025-11-30 22:15:41,487 | INFO | [PROCESS] Starting: ORDER_2444420_20251124110915.xml
2025-11-30 22:15:41,487 | INFO | [XML] Processing: /var/www/html/python/westside_inventory/orders/ORDER_2444420_20251124110915.xml
2025-11-30 22:15:41,488 | INFO | [XML] Final batch inserted: 1 rows
2025-11-30 22:15:41,488 | INFO | [XML] Total inserted for ORDER_2444420_20251124110915.xml: 1
2025-11-30 22:15:41,490 | INFO | [COMMIT] ORDER_2444420_20251124110915.xml committed — total rows inserted: 1
2025-11-30 22:15:41,491 | INFO | [ARCHIVE] ORDER_2444420_20251124110915.xml moved to archive
2025-11-30 22:15:41,491 | INFO | [PROCESS] Starting: ORDER_2444421_20251124110919.xml
2025-11-30 22:15:41,491 | INFO | [XML] Processing: /var/www/html/python/westside_inventory/orders/ORDER_2444421_20251124110919.xml
2025-11-30 22:15:41,492 | INFO | [XML] Final batch inserted: 2 rows
2025-11-30 22:15:41,492 | INFO | [XML] Total inserted for ORDER_2444421_20251124110919.xml: 2
2025-11-30 22:15:41,495 | INFO | [COMMIT] ORDER_2444421_20251124110919.xml committed — total rows inserted: 2
2025-11-30 22:15:41,495 | INFO | [ARCHIVE] ORDER_2444421_20251124110919.xml moved to archive
2025-11-30 22:15:41,495 | INFO | Running procedure: process_sales_orders()
2025-11-30 22:15:42,294 | INFO | Procedure process_sales_orders() executed successfully
2025-11-30 22:15:42,294 | INFO | --------------- SALES ORDER IMPORT COMPLETED ---------------
